EDA Netlist Writer report for musicplayer_1
Tue Jul 24 15:52:45 2018
Quartus II 64-Bit Version 13.0.1 Build 232 06/12/2013 Service Pack 1 SJ Full Version


---------------------
; Table of Contents ;
---------------------
  1. Legal Notice
  2. EDA Netlist Writer Summary
  3. Simulation Settings
  4. Simulation Generated Files
  5. EDA Netlist Writer Messages



----------------
; Legal Notice ;
----------------
Copyright (C) 1991-2013 Altera Corporation
Your use of Altera Corporation's design tools, logic functions 
and other software and tools, and its AMPP partner logic 
functions, and any output files from any of the foregoing 
(including device programming or simulation files), and any 
associated documentation or information are expressly subject 
to the terms and conditions of the Altera Program License 
Subscription Agreement, Altera MegaCore Function License 
Agreement, or other applicable license agreement, including, 
without limitation, that your use is for the sole purpose of 
programming logic devices manufactured by Altera and sold by 
Altera or its authorized distributors.  Please refer to the 
applicable agreement for further details.



+-------------------------------------------------------------------+
; EDA Netlist Writer Summary                                        ;
+---------------------------+---------------------------------------+
; EDA Netlist Writer Status ; Successful - Tue Jul 24 15:52:45 2018 ;
; Revision Name             ; musicplayer_1                         ;
; Top-level Entity Name     ; sd_audio                              ;
; Family                    ; Cyclone II                            ;
; Simulation Files Creation ; Successful                            ;
+---------------------------+---------------------------------------+


+-------------------------------------------------------------------------------------------------------------------------------+
; Simulation Settings                                                                                                           ;
+---------------------------------------------------------------------------------------------------+---------------------------+
; Option                                                                                            ; Setting                   ;
+---------------------------------------------------------------------------------------------------+---------------------------+
; Tool Name                                                                                         ; ModelSim-Altera (Verilog) ;
; Generate netlist for functional simulation only                                                   ; Off                       ;
; Time scale                                                                                        ; 1 ns                      ;
; Truncate long hierarchy paths                                                                     ; Off                       ;
; Map illegal HDL characters                                                                        ; Off                       ;
; Flatten buses into individual nodes                                                               ; Off                       ;
; Maintain hierarchy                                                                                ; Off                       ;
; Bring out device-wide set/reset signals as ports                                                  ; Off                       ;
; Enable glitch filtering                                                                           ; Off                       ;
; Do not write top level VHDL entity                                                                ; Off                       ;
; Disable detection of setup and hold time violations in the input registers of bi-directional pins ; Off                       ;
; Architecture name in VHDL output netlist                                                          ; structure                 ;
; Generate third-party EDA tool command script for RTL functional simulation                        ; Off                       ;
; Generate third-party EDA tool command script for gate-level simulation                            ; Off                       ;
+---------------------------------------------------------------------------------------------------+---------------------------+


+-------------------------------------------------------------------------------------------------------------+
; Simulation Generated Files                                                                                  ;
+-------------------------------------------------------------------------------------------------------------+
; Generated Files                                                                                             ;
+-------------------------------------------------------------------------------------------------------------+
; C:/Users/asic/Desktop/SD_WM8731_Wav_Decode/SD_WM8731_Wav_Decod/simulation/modelsim/musicplayer_1.vo         ;
; C:/Users/asic/Desktop/SD_WM8731_Wav_Decode/SD_WM8731_Wav_Decod/simulation/modelsim/musicplayer_1_fast.vo    ;
; C:/Users/asic/Desktop/SD_WM8731_Wav_Decode/SD_WM8731_Wav_Decod/simulation/modelsim/musicplayer_1_v.sdo      ;
; C:/Users/asic/Desktop/SD_WM8731_Wav_Decode/SD_WM8731_Wav_Decod/simulation/modelsim/musicplayer_1_v_fast.sdo ;
+-------------------------------------------------------------------------------------------------------------+


+-----------------------------+
; EDA Netlist Writer Messages ;
+-----------------------------+
Info: *******************************************************************
Info: Running Quartus II 64-Bit EDA Netlist Writer
    Info: Version 13.0.1 Build 232 06/12/2013 Service Pack 1 SJ Full Version
    Info: Processing started: Tue Jul 24 15:52:44 2018
Info: Command: quartus_eda --read_settings_files=off --write_settings_files=off musicplayer_1 -c musicplayer_1
Warning (202000): An incorrect timescale is selected for the Verilog Output (.VO) file of this PLL design. It's required that the timescale should be 1 ps when simulating a PLL design in a third party EDA tool.
Warning (202000): An incorrect timescale is selected for the Verilog Output (.VO) file of this PLL design. It's required that the timescale should be 1 ps when simulating a PLL design in a third party EDA tool.
Info (204026): Generated files "musicplayer_1.vo", "musicplayer_1_fast.vo", "musicplayer_1_v.sdo" and "musicplayer_1_v_fast.sdo" in directory "C:/Users/asic/Desktop/SD_WM8731_Wav_Decode/SD_WM8731_Wav_Decod/simulation/modelsim/" for EDA simulation tool
Info: Quartus II 64-Bit EDA Netlist Writer was successful. 0 errors, 2 warnings
    Info: Peak virtual memory: 438 megabytes
    Info: Processing ended: Tue Jul 24 15:52:45 2018
    Info: Elapsed time: 00:00:01
    Info: Total CPU time (on all processors): 00:00:02


